16:42:29: Creating resource group General
16:42:29: Creating resource group Internal
16:42:29: Creating resource group Autodetect
16:42:29: SceneManagerFactory for type 'DefaultSceneManager' registered.
16:42:29: Registering ResourceManager for type Material
16:42:29: Registering ResourceManager for type Mesh
16:42:29: Registering ResourceManager for type Skeleton
16:42:29: MovableObjectFactory for type 'ParticleSystem' registered.
16:42:29: ArchiveFactory for archive type FileSystem registered.
16:42:29: ArchiveFactory for archive type Zip registered.
16:42:29: ArchiveFactory for archive type EmbeddedZip registered.
16:42:29: DDS codec registering
16:42:29: FreeImage version: 3.17.0
16:42:29: This program uses FreeImage, a free, open source image library supporting all common bitmap formats. See http://freeimage.sourceforge.net for details
16:42:29: Supported formats: bmp,ico,jpg,jif,jpeg,jpe,jng,koa,iff,lbm,mng,pbm,pbm,pcd,pcx,pgm,pgm,png,ppm,ppm,ras,tga,targa,tif,tiff,wap,wbmp,wbm,psd,cut,xbm,xpm,gif,hdr,sgi,rgb,rgba,bw,exr,j2k,j2c,jp2,pfm,pct,pict,pic,3fr,arw,bay,bmq,cap,cine,cr2,crw,cs1,dc2,dcr,drf,dsc,dng,erf,fff,ia,iiq,k25,kc2,kdc,mdc,mef,mos,mrw,nef,nrw,orf,pef,ptx,pxn,qtk,raf,raw,rdc,rw2,rwl,rwz,sr2,srf,srw,sti,x3f,webp,jxr,wdp,hdp
16:42:29: Registering ResourceManager for type HighLevelGpuProgram
16:42:29: Registering ResourceManager for type Compositor
16:42:29: MovableObjectFactory for type 'Entity' registered.
16:42:29: MovableObjectFactory for type 'Light' registered.
16:42:29: MovableObjectFactory for type 'BillboardSet' registered.
16:42:29: MovableObjectFactory for type 'ManualObject' registered.
16:42:29: MovableObjectFactory for type 'BillboardChain' registered.
16:42:29: MovableObjectFactory for type 'RibbonTrail' registered.
16:42:29: Loading library /usr/local/lib/OGRE/RenderSystem_GL
16:42:30: Installing plugin: GL RenderSystem
16:42:30: OpenGL Rendering Subsystem created.
16:42:30: Plugin successfully installed
16:42:30: Loading library /usr/local/lib/OGRE/Plugin_ParticleFX
16:42:30: Installing plugin: ParticleFX
16:42:30: Particle Emitter Type 'Point' registered
16:42:30: Particle Emitter Type 'Box' registered
16:42:30: Particle Emitter Type 'Ellipsoid' registered
16:42:30: Particle Emitter Type 'Cylinder' registered
16:42:30: Particle Emitter Type 'Ring' registered
16:42:30: Particle Emitter Type 'HollowEllipsoid' registered
16:42:30: Particle Affector Type 'LinearForce' registered
16:42:30: Particle Affector Type 'ColourFader' registered
16:42:30: Particle Affector Type 'ColourFader2' registered
16:42:30: Particle Affector Type 'ColourImage' registered
16:42:30: Particle Affector Type 'ColourInterpolator' registered
16:42:30: Particle Affector Type 'Scaler' registered
16:42:30: Particle Affector Type 'Rotator' registered
16:42:30: Particle Affector Type 'DirectionRandomiser' registered
16:42:30: Particle Affector Type 'DeflectorPlane' registered
16:42:30: Plugin successfully installed
16:42:30: Loading library /usr/local/lib/OGRE/Plugin_BSPSceneManager
16:42:30: Installing plugin: BSP Scene Manager
16:42:30: Plugin successfully installed
16:42:30: Loading library /usr/local/lib/OGRE/Plugin_CgProgramManager
16:42:30: Installing plugin: Cg Program Manager
16:42:30: Plugin successfully installed
16:42:30: Loading library /usr/local/lib/OGRE/Plugin_PCZSceneManager
16:42:30: Installing plugin: Portal Connected Zone Scene Manager
16:42:30: PCZone Factory Type 'ZoneType_Default' registered
16:42:30: Plugin successfully installed
16:42:30: Loading library /usr/local/lib/OGRE/Plugin_OctreeZone
16:42:30: Installing plugin: Octree Zone Factory
16:42:30: Plugin successfully installed
16:42:30: Loading library /usr/local/lib/OGRE/Plugin_OctreeSceneManager
16:42:30: Installing plugin: Octree Scene Manager
16:42:30: Plugin successfully installed
16:42:30: *-*-* OGRE Initialising
16:42:30: *-*-* Version 1.9.0 (Ghadamon)
16:42:30: Added resource location '/usr/local/share/OGRE/Media/thumbnails' of type 'FileSystem' to resource group 'General'
16:42:30: Added resource location '../FE3D/data/material/programs' of type 'FileSystem' to resource group 'General'
16:42:30: Added resource location '../FE3D/data/material/scripts' of type 'FileSystem' to resource group 'General'
16:42:30: Added resource location '../FE3D/data/material/textures' of type 'FileSystem' to resource group 'General'
16:42:30: Added resource location '../FE3D/data/meshes' of type 'FileSystem' to resource group 'General'
16:42:30: Added resource location '../FE3D/data/watercraft/material/maps' of type 'FileSystem' to resource group 'General'
16:42:30: Added resource location '../FE3D/data/watercraft/material/scripts' of type 'FileSystem' to resource group 'General'
16:42:30: Added resource location '../FE3D/data/watercraft/material/textures' of type 'FileSystem' to resource group 'General'
16:42:30: Added resource location '../FE3D/data/watercraft/meshes' of type 'FileSystem' to resource group 'General'
16:42:30: Added resource location '../FE3D/data/watercraft/terrain' of type 'FileSystem' to resource group 'General'
16:42:30: Added resource location '/usr/local/share/OGRE/Media/packs/SdkTrays.zip' of type 'Zip' to resource group 'General'
16:42:30: Added resource location '/usr/local/share/OGRE/Media/packs/profiler.zip' of type 'Zip' to resource group 'General'
16:42:30: Added resource location '/usr/local/share/OGRE/Media' of type 'FileSystem' to resource group 'General'
16:42:30: Added resource location '/usr/local/share/OGRE/Media/fonts' of type 'FileSystem' to resource group 'General'
16:42:30: Added resource location '/usr/local/share/OGRE/Media/materials/programs' of type 'FileSystem' to resource group 'General'
16:42:30: Added resource location '/usr/local/share/OGRE/Media/materials/programs/Cg' of type 'FileSystem' to resource group 'General'
16:42:30: Added resource location '/usr/local/share/OGRE/Media/materials/programs/GLSL' of type 'FileSystem' to resource group 'General'
16:42:30: Added resource location '/usr/local/share/OGRE/Media/materials/programs/GLSL400' of type 'FileSystem' to resource group 'General'
16:42:30: Added resource location '/usr/local/share/OGRE/Media/materials/programs/HLSL' of type 'FileSystem' to resource group 'General'
16:42:30: Added resource location '/usr/local/share/OGRE/Media/materials/programs/HLSL_Cg' of type 'FileSystem' to resource group 'General'
16:42:30: Added resource location '/usr/local/share/OGRE/Media/materials/scripts' of type 'FileSystem' to resource group 'General'
16:42:30: Added resource location '/usr/local/share/OGRE/Media/materials/textures' of type 'FileSystem' to resource group 'General'
16:42:30: Added resource location '/usr/local/share/OGRE/Media/materials/textures/nvidia' of type 'FileSystem' to resource group 'General'
16:42:30: Added resource location '/usr/local/share/OGRE/Media/models' of type 'FileSystem' to resource group 'General'
16:42:30: Added resource location '/usr/local/share/OGRE/Media/particle' of type 'FileSystem' to resource group 'General'
16:42:30: Added resource location '/usr/local/share/OGRE/Media/DeferredShadingMedia' of type 'FileSystem' to resource group 'General'
16:42:30: Added resource location '/usr/local/share/OGRE/Media/PCZAppMedia' of type 'FileSystem' to resource group 'General'
16:42:30: Added resource location '/usr/local/share/OGRE/Media/RTShaderLib' of type 'FileSystem' to resource group 'General'
16:42:30: Added resource location '/usr/local/share/OGRE/Media/RTShaderLib/GLSL' of type 'FileSystem' to resource group 'General'
16:42:30: Added resource location '/usr/local/share/OGRE/Media/RTShaderLib/HLSL_Cg' of type 'FileSystem' to resource group 'General'
16:42:30: Added resource location '/usr/local/share/OGRE/Media/RTShaderLib/materials' of type 'FileSystem' to resource group 'General'
16:42:30: Added resource location '/usr/local/share/OGRE/Media/materials/scripts/SSAO' of type 'FileSystem' to resource group 'General'
16:42:30: Added resource location '/usr/local/share/OGRE/Media/materials/textures/SSAO' of type 'FileSystem' to resource group 'General'
16:42:30: Added resource location '/usr/local/share/OGRE/Media/volumeTerrain' of type 'FileSystem' to resource group 'General'
16:42:30: Added resource location '/usr/local/share/OGRE/Media/packs/cubemap.zip' of type 'Zip' to resource group 'General'
16:42:30: Added resource location '/usr/local/share/OGRE/Media/packs/cubemapsJS.zip' of type 'Zip' to resource group 'General'
16:42:30: Added resource location '/usr/local/share/OGRE/Media/packs/dragon.zip' of type 'Zip' to resource group 'General'
16:42:30: Added resource location '/usr/local/share/OGRE/Media/packs/fresneldemo.zip' of type 'Zip' to resource group 'General'
16:42:30: Added resource location '/usr/local/share/OGRE/Media/packs/ogretestmap.zip' of type 'Zip' to resource group 'General'
16:42:30: Added resource location '/usr/local/share/OGRE/Media/packs/ogredance.zip' of type 'Zip' to resource group 'General'
16:42:30: Added resource location '/usr/local/share/OGRE/Media/packs/Sinbad.zip' of type 'Zip' to resource group 'General'
16:42:30: Added resource location '/usr/local/share/OGRE/Media/packs/skybox.zip' of type 'Zip' to resource group 'General'
16:42:30: Added resource location '/usr/local/share/OGRE/Media/volumeTerrain/volumeTerrainBig.zip' of type 'Zip' to resource group 'General'
16:42:30: Added resource location '/usr/local/Tests/Media' of type 'FileSystem' to resource group 'General'
16:42:30: CPU Identifier & Features
16:42:30: -------------------------
16:42:30:  *   CPU ID: GenuineIntel: Intel(R) Xeon(R) CPU           X5675  @ 3.07GHz
16:42:30:  *      SSE: yes
16:42:30:  *     SSE2: yes
16:42:30:  *     SSE3: yes
16:42:30:  *      MMX: yes
16:42:30:  *   MMXEXT: yes
16:42:30:  *    3DNOW: no
16:42:30:  * 3DNOWEXT: no
16:42:30:  *     CMOV: yes
16:42:30:  *      TSC: yes
16:42:30:  *      FPU: yes
16:42:30:  *      PRO: yes
16:42:30:  *       HT: no
16:42:30: -------------------------
16:42:30: ******************************
*** Starting GLX Subsystem ***
******************************
16:42:30: Registering ResourceManager for type Texture
16:42:30: GLRenderSystem::_createRenderWindow "381 Game Engine", 1920x1080 windowed  miscParams: FSAA=0 displayFrequency=54 Hz gamma=No vsync=No 
16:42:30: GLXWindow::create used FBConfigID = 309
16:42:30: GL_VERSION = 4.5.0 NVIDIA 375.39
16:42:30: GL_VENDOR = NVIDIA Corporation
16:42:30: GL_RENDERER = Quadro 600/PCIe/SSE2
16:42:30: GL_EXTENSIONS = GL_AMD_multi_draw_indirect GL_ARB_arrays_of_arrays GL_ARB_base_instance GL_ARB_blend_func_extended GL_ARB_buffer_storage GL_ARB_cl_event GL_ARB_clear_buffer_object GL_ARB_clear_texture GL_ARB_clip_control GL_ARB_color_buffer_float GL_ARB_compatibility GL_ARB_compressed_texture_pixel_storage GL_ARB_conservative_depth GL_ARB_compute_shader GL_ARB_compute_variable_group_size GL_ARB_conditional_render_inverted GL_ARB_copy_buffer GL_ARB_copy_image GL_ARB_cull_distance GL_ARB_debug_output GL_ARB_depth_buffer_float GL_ARB_depth_clamp GL_ARB_depth_texture GL_ARB_derivative_control GL_ARB_direct_state_access GL_ARB_draw_buffers GL_ARB_draw_buffers_blend GL_ARB_draw_indirect GL_ARB_draw_elements_base_vertex GL_ARB_draw_instanced GL_ARB_enhanced_layouts GL_ARB_ES2_compatibility GL_ARB_ES3_compatibility GL_ARB_ES3_1_compatibility GL_ARB_ES3_2_compatibility GL_ARB_explicit_attrib_location GL_ARB_explicit_uniform_location GL_ARB_fragment_coord_conventions GL_ARB_fragment_layer_viewport GL_ARB_fragment_program GL_ARB_fragment_program_shadow GL_ARB_fragment_shader GL_ARB_framebuffer_no_attachments GL_ARB_framebuffer_object GL_ARB_framebuffer_sRGB GL_ARB_geometry_shader4 GL_ARB_get_program_binary GL_ARB_get_texture_sub_image GL_ARB_gl_spirv GL_ARB_gpu_shader5 GL_ARB_gpu_shader_fp64 GL_ARB_gpu_shader_int64 GL_ARB_half_float_pixel GL_ARB_half_float_vertex GL_ARB_imaging GL_ARB_indirect_parameters GL_ARB_instanced_arrays GL_ARB_internalformat_query GL_ARB_internalformat_query2 GL_ARB_invalidate_subdata GL_ARB_map_buffer_alignment GL_ARB_map_buffer_range GL_ARB_multi_bind GL_ARB_multi_draw_indirect GL_ARB_multisample GL_ARB_multitexture GL_ARB_occlusion_query GL_ARB_occlusion_query2 GL_ARB_parallel_shader_compile GL_ARB_pipeline_statistics_query GL_ARB_pixel_buffer_object GL_ARB_point_parameters GL_ARB_point_sprite GL_ARB_program_interface_query GL_ARB_provoking_vertex GL_ARB_query_buffer_object GL_ARB_robust_buffer_access_behavior GL_ARB_robustness GL_ARB_sample_shading GL_ARB_sampler_objects GL_ARB_seamless_cube_map GL_ARB_separate_shader_objects GL_ARB_shader_atomic_counter_ops GL_ARB_shader_atomic_counters GL_ARB_shader_bit_encoding GL_ARB_shader_draw_parameters GL_ARB_shader_group_vote GL_ARB_shader_image_load_store GL_ARB_shader_image_size GL_ARB_shader_objects GL_ARB_shader_precision GL_ARB_shader_storage_buffer_object GL_ARB_shader_subroutine GL_ARB_shader_texture_image_samples GL_ARB_shader_texture_lod GL_ARB_shading_language_100 GL_ARB_shading_language_420pack GL_ARB_shading_language_include GL_ARB_shading_language_packing GL_ARB_shadow GL_ARB_sparse_buffer GL_ARB_sparse_texture GL_ARB_stencil_texturing GL_ARB_sync GL_ARB_tessellation_shader GL_ARB_texture_barrier GL_ARB_texture_border_clamp GL_ARB_texture_buffer_object GL_ARB_texture_buffer_object_rgb32 GL_ARB_texture_buffer_range GL_ARB_texture_compression GL_ARB_texture_compression_bptc GL_ARB_texture_compression_rgtc GL_ARB_texture_cube_map GL_ARB_texture_cube_map_array GL_ARB_texture_env_add GL_ARB_texture_env_combine GL_ARB_texture_env_crossbar GL_ARB_texture_env_dot3 GL_ARB_texture_float GL_ARB_texture_gather GL_ARB_texture_mirror_clamp_to_edge GL_ARB_texture_mirrored_repeat GL_ARB_texture_multisample GL_ARB_texture_non_power_of_two GL_ARB_texture_query_levels GL_ARB_texture_query_lod GL_ARB_texture_rectangle GL_ARB_texture_rg GL_ARB_texture_rgb10_a2ui GL_ARB_texture_stencil8 GL_ARB_texture_storage GL_ARB_texture_storage_multisample GL_ARB_texture_swizzle GL_ARB_texture_view GL_ARB_timer_query GL_ARB_transform_feedback2 GL_ARB_transform_feedback3 GL_ARB_transform_feedback_instanced GL_ARB_transform_feedback_overflow_query GL_ARB_transpose_matrix GL_ARB_uniform_buffer_object GL_ARB_vertex_array_bgra GL_ARB_vertex_array_object GL_ARB_vertex_attrib_64bit GL_ARB_vertex_attrib_binding GL_ARB_vertex_buffer_object GL_ARB_vertex_program GL_ARB_vertex_shader GL_ARB_vertex_type_10f_11f_11f_rev GL_ARB_vertex_type_2_10_10_10_rev GL_ARB_viewport_array GL_ARB_window_pos GL_ATI_draw_buffers GL_ATI_texture_float GL_ATI_texture_mirror_once GL_S3_s3tc GL_EXT_texture_env_add GL_EXT_abgr GL_EXT_bgra GL_EXT_bindable_uniform GL_EXT_blend_color GL_EXT_blend_equation_separate GL_EXT_blend_func_separate GL_EXT_blend_minmax GL_EXT_blend_subtract GL_EXT_compiled_vertex_array GL_EXT_Cg_shader GL_EXT_depth_bounds_test GL_EXT_direct_state_access GL_EXT_draw_buffers2 GL_EXT_draw_instanced GL_EXT_draw_range_elements GL_EXT_fog_coord GL_EXT_framebuffer_blit GL_EXT_framebuffer_multisample GL_EXTX_framebuffer_mixed_formats GL_EXT_framebuffer_multisample_blit_scaled GL_EXT_framebuffer_object GL_EXT_framebuffer_sRGB GL_EXT_geometry_shader4 GL_EXT_gpu_program_parameters GL_EXT_gpu_shader4 GL_EXT_multi_draw_arrays GL_EXT_packed_depth_stencil GL_EXT_packed_float GL_EXT_packed_pixels GL_EXT_pixel_buffer_object GL_EXT_point_parameters GL_EXT_polygon_offset_clamp GL_EXT_provoking_vertex GL_EXT_rescale_normal GL_EXT_secondary_color GL_EXT_separate_shader_objects GL_EXT_separate_specular_color GL_EXT_shader_image_load_store GL_EXT_shader_integer_mix GL_EXT_shadow_funcs GL_EXT_stencil_two_side GL_EXT_stencil_wrap GL_EXT_texture3D GL_EXT_texture_array GL_EXT_texture_buffer_object GL_EXT_texture_compression_dxt1 GL_EXT_texture_compression_latc GL_EXT_texture_compression_rgtc GL_EXT_texture_compression_s3tc GL_EXT_texture_cube_map GL_EXT_texture_edge_clamp GL_EXT_texture_env_combine GL_EXT_texture_env_dot3 GL_EXT_texture_filter_anisotropic GL_EXT_texture_integer GL_EXT_texture_lod GL_EXT_texture_lod_bias GL_EXT_texture_mirror_clamp GL_EXT_texture_object GL_EXT_texture_shared_exponent GL_EXT_texture_sRGB GL_EXT_texture_sRGB_decode GL_EXT_texture_storage GL_EXT_texture_swizzle GL_EXT_timer_query GL_EXT_transform_feedback2 GL_EXT_vertex_array GL_EXT_vertex_array_bgra GL_EXT_vertex_attrib_64bit GL_EXT_window_rectangles GL_EXT_x11_sync_object GL_EXT_import_sync_object GL_NV_robustness_video_memory_purge GL_IBM_rasterpos_clip GL_IBM_texture_mirrored_repeat GL_KHR_context_flush_control GL_KHR_debug GL_KHR_no_error GL_KHR_robust_buffer_access_behavior GL_KHR_robustness GL_KTX_buffer_region GL_NV_alpha_to_coverage_dither_control GL_NV_bindless_multi_draw_indirect GL_NV_bindless_multi_draw_indirect_count GL_NV_blend_equation_advanced GL_NV_blend_square GL_NV_command_list GL_NV_compute_program5 GL_NV_conditional_render GL_NV_copy_depth_to_color GL_NV_copy_image GL_NV_depth_buffer_float GL_NV_depth_clamp GL_NV_draw_texture GL_NV_ES1_1_compatibility GL_NV_ES3_1_compatibility GL_NV_explicit_multisample GL_NV_fence GL_NV_float_buffer GL_NV_fog_distance GL_NV_fragment_program GL_NV_fragment_program_option GL_NV_fragment_program2 GL_NV_framebuffer_multisample_coverage GL_NV_geometry_shader4 GL_NV_gpu_program4 GL_NV_internalformat_sample_query GL_NV_gpu_program4_1 GL_NV_gpu_program5 GL_NV_gpu_program5_mem_extended GL_NV_gpu_program_fp64 GL_NV_gpu_shader5 GL_NV_half_float GL_NV_light_max_exponent GL_NV_multisample_coverage GL_NV_multisample_filter_hint GL_NV_occlusion_query GL_NV_packed_depth_stencil GL_NV_parameter_buffer_object GL_NV_parameter_buffer_object2 GL_NV_path_rendering GL_NV_pixel_data_range GL_NV_point_sprite GL_NV_primitive_restart GL_NV_register_combiners GL_NV_register_combiners2 GL_NV_shader_atomic_counters GL_NV_shader_atomic_float GL_NV_shader_buffer_load GL_NV_shader_storage_buffer_object GL_NV_texgen_reflection GL_NV_texture_barrier GL_NV_texture_compression_vtc GL_NV_texture_env_combine4 GL_NV_texture_multisample GL_NV_texture_rectangle GL_NV_texture_shader GL_NV_texture_shader2 GL_NV_texture_shader3 GL_NV_transform_feedback GL_NV_transform_feedback2 GL_NV_uniform_buffer_unified_memory GL_NV_vdpau_interop GL_NV_vertex_array_range GL_NV_vertex_array_range2 GL_NV_vertex_attrib_integer_64bit GL_NV_vertex_buffer_unified_memory GL_NV_vertex_program GL_NV_vertex_program1_1 GL_NV_vertex_program2 GL_NV_vertex_program2_option GL_NV_vertex_program3 GL_NVX_conditional_render GL_NVX_gpu_memory_info GL_NV_shader_thread_group GL_KHR_blend_equation_advanced GL_SGIS_generate_mipmap GL_SGIS_texture_lod GL_SGIX_depth_texture GL_SGIX_shadow GL_SUN_slice_accum 
16:42:30: Supported GLX extensions: GLX_EXT_visual_info GLX_EXT_visual_rating GLX_EXT_import_context GLX_SGIX_fbconfig GLX_SGIX_pbuffer GLX_SGI_video_sync GLX_SGI_swap_control GLX_EXT_swap_control GLX_EXT_swap_control_tear GLX_EXT_texture_from_pixmap GLX_EXT_buffer_age GLX_ARB_create_context GLX_ARB_create_context_profile GLX_EXT_create_context_es_profile GLX_EXT_create_context_es2_profile GLX_ARB_create_context_robustness GLX_NV_delay_before_swap GLX_EXT_stereo_tree GLX_ARB_context_flush_control GLX_NV_robustness_video_memory_purge GLX_ARB_multisample GLX_NV_float_buffer GLX_ARB_fbconfig_float GLX_NV_swap_group GLX_EXT_framebuffer_sRGB GLX_NV_multisample_coverage GLX_NV_copy_image GLX_NV_copy_buffer GLX_NV_video_capture GLX_ARB_get_proc_address 
16:42:30: ***************************
16:42:30: *** GL Renderer Started ***
16:42:30: ***************************
16:42:30: Registering ResourceManager for type GpuProgram
16:42:30: GLSL support detected
16:42:30: GL: Using GL_EXT_framebuffer_object for rendering to textures (best)
16:42:31: FBO PF_UNKNOWN depth/stencil support: D0S8 D16S0 D24S0 D32S0 Packed-D24S8 
16:42:31: FBO PF_L8 depth/stencil support: D0S0 D0S8 D16S0 D24S0 D32S0 Packed-D24S8 
16:42:31: FBO PF_A8 depth/stencil support: D0S0 D0S8 D16S0 D24S0 D32S0 Packed-D24S8 
16:42:31: FBO PF_A4L4 depth/stencil support: D0S0 D0S8 D16S0 D24S0 D32S0 Packed-D24S8 
16:42:31: FBO PF_BYTE_LA depth/stencil support: D0S0 D0S8 D16S0 D24S0 D32S0 Packed-D24S8 
16:42:31: FBO PF_R5G6B5 depth/stencil support: D0S0 D0S8 D16S0 D24S0 D32S0 Packed-D24S8 
16:42:31: FBO PF_B5G6R5 depth/stencil support: D0S0 D0S8 D16S0 D24S0 D32S0 Packed-D24S8 
16:42:31: FBO PF_A4R4G4B4 depth/stencil support: D0S0 D0S8 D16S0 D24S0 D32S0 Packed-D24S8 
16:42:31: FBO PF_A1R5G5B5 depth/stencil support: D0S0 D0S8 D16S0 D24S0 D32S0 Packed-D24S8 
16:42:31: FBO PF_R8G8B8 depth/stencil support: D0S0 D0S8 D16S0 D24S0 D32S0 Packed-D24S8 
16:42:31: FBO PF_B8G8R8 depth/stencil support: D0S0 D0S8 D16S0 D24S0 D32S0 Packed-D24S8 
16:42:31: FBO PF_A8R8G8B8 depth/stencil support: D0S0 D0S8 D16S0 D24S0 D32S0 Packed-D24S8 
16:42:31: FBO PF_B8G8R8A8 depth/stencil support: D0S0 D0S8 D16S0 D24S0 D32S0 Packed-D24S8 
16:42:31: FBO PF_A2R10G10B10 depth/stencil support: D0S0 D0S8 D16S0 D24S0 D32S0 Packed-D24S8 
16:42:31: FBO PF_A2B10G10R10 depth/stencil support: D0S0 D0S8 D16S0 D24S0 D32S0 Packed-D24S8 
16:42:31: FBO PF_FLOAT16_RGB depth/stencil support: D0S0 D0S8 D16S0 D24S0 D32S0 Packed-D24S8 
16:42:31: FBO PF_FLOAT16_RGBA depth/stencil support: D0S0 D0S8 D16S0 D24S0 D32S0 Packed-D24S8 
16:42:31: FBO PF_FLOAT32_RGB depth/stencil support: D0S0 D0S8 D16S0 D24S0 D32S0 Packed-D24S8 
16:42:31: FBO PF_FLOAT32_RGBA depth/stencil support: D0S0 D0S8 D16S0 D24S0 D32S0 Packed-D24S8 
16:42:31: FBO PF_X8R8G8B8 depth/stencil support: D0S0 D0S8 D16S0 D24S0 D32S0 Packed-D24S8 
16:42:31: FBO PF_X8B8G8R8 depth/stencil support: D0S0 D0S8 D16S0 D24S0 D32S0 Packed-D24S8 
16:42:31: FBO PF_SHORT_RGBA depth/stencil support: D0S0 D0S8 D16S0 D24S0 D32S0 Packed-D24S8 
16:42:31: FBO PF_R3G3B2 depth/stencil support: D0S0 D0S8 D16S0 D24S0 D32S0 Packed-D24S8 
16:42:31: FBO PF_FLOAT16_R depth/stencil support: D0S0 D0S8 D16S0 D24S0 D32S0 Packed-D24S8 
16:42:31: FBO PF_FLOAT32_R depth/stencil support: D0S0 D0S8 D16S0 D24S0 D32S0 Packed-D24S8 
16:42:31: FBO PF_FLOAT16_GR depth/stencil support: D0S0 D0S8 D16S0 D24S0 D32S0 Packed-D24S8 
16:42:31: FBO PF_FLOAT32_GR depth/stencil support: D0S0 D0S8 D16S0 D24S0 D32S0 Packed-D24S8 
16:42:31: FBO PF_SHORT_RGB depth/stencil support: D0S0 D0S8 D16S0 D24S0 D32S0 Packed-D24S8 
16:42:31: [GL] : Valid FBO targets PF_UNKNOWN PF_L8 PF_A8 PF_A4L4 PF_BYTE_LA PF_R5G6B5 PF_B5G6R5 PF_A4R4G4B4 PF_A1R5G5B5 PF_R8G8B8 PF_B8G8R8 PF_A8R8G8B8 PF_B8G8R8A8 PF_A2R10G10B10 PF_A2B10G10R10 PF_FLOAT16_RGB PF_FLOAT16_RGBA PF_FLOAT32_RGB PF_FLOAT32_RGBA PF_X8R8G8B8 PF_X8B8G8R8 PF_SHORT_RGBA PF_R3G3B2 PF_FLOAT16_R PF_FLOAT32_R PF_FLOAT16_GR PF_FLOAT32_GR PF_SHORT_RGB 
16:42:31: RenderSystem capabilities
16:42:31: -------------------------
16:42:31: RenderSystem Name: OpenGL Rendering Subsystem
16:42:31: GPU Vendor: nvidia
16:42:31: Device Name: Quadro 600/PCIe/SSE2
16:42:31: Driver Version: 4.5.0.0
16:42:31:  * Fixed function pipeline: yes
16:42:31:  * Hardware generation of mipmaps: yes
16:42:31:  * Texture blending: yes
16:42:31:  * Anisotropic texture filtering: yes
16:42:31:  * Dot product texture operation: yes
16:42:31:  * Cube mapping: yes
16:42:31:  * Hardware stencil buffer: yes
16:42:31:    - Stencil depth: 8
16:42:31:    - Two sided stencil support: yes
16:42:31:    - Wrap stencil values: yes
16:42:31:  * Hardware vertex / index buffers: yes
16:42:31:  * 32-bit index buffers: yes
16:42:31:  * Vertex programs: yes
16:42:31:  * Number of floating-point constants for vertex programs: 1024
16:42:31:  * Number of integer constants for vertex programs: 0
16:42:31:  * Number of boolean constants for vertex programs: 0
16:42:31:  * Fragment programs: yes
16:42:31:  * Number of floating-point constants for fragment programs: 1024
16:42:31:  * Number of integer constants for fragment programs: 0
16:42:31:  * Number of boolean constants for fragment programs: 0
16:42:31:  * Geometry programs: yes
16:42:31:  * Number of floating-point constants for geometry programs: 2048
16:42:31:  * Number of integer constants for geometry programs: 0
16:42:31:  * Number of boolean constants for geometry programs: 0
16:42:31:  * Tesselation Hull programs: no
16:42:31:  * Number of floating-point constants for tesselation hull programs: 12338
16:42:31:  * Number of integer constants for tesselation hull programs: 48
16:42:31:  * Number of boolean constants for tesselation hull programs: 0
16:42:31:  * Tesselation Domain programs: no
16:42:31:  * Number of floating-point constants for tesselation domain programs: 0
16:42:31:  * Number of integer constants for tesselation domain programs: 56872
16:42:31:  * Number of boolean constants for tesselation domain programs: 63468
16:42:31:  * Compute programs: no
16:42:31:  * Number of floating-point constants for compute programs: 32767
16:42:31:  * Number of integer constants for compute programs: 0
16:42:31:  * Number of boolean constants for compute programs: 11
16:42:31:  * Supported Shader Profiles: arbfp1 arbvp1 fp20 fp30 fp40 glsl glsl100 glsl110 glsl120 gp4fp gp4gp gp4vp gpu_fp gpu_gp gpu_vp nvgp4 vp30 vp40
16:42:31:  * Texture Compression: yes
16:42:31:    - DXT: yes
16:42:31:    - VTC: yes
16:42:31:    - PVRTC: no
16:42:31:    - ATC: no
16:42:31:    - ETC1: no
16:42:31:    - ETC2: no
16:42:31:    - BC4/BC5: no
16:42:31:    - BC6H/BC7: no
16:42:31:  * Scissor Rectangle: yes
16:42:31:  * Hardware Occlusion Query: yes
16:42:31:  * User clip planes: yes
16:42:31:  * VET_UBYTE4 vertex element type: yes
16:42:31:  * Infinite far plane projection: yes
16:42:31:  * Hardware render-to-texture: yes
16:42:31:  * Floating point textures: yes
16:42:31:  * Non-power-of-two textures: yes
16:42:31:  * 1d textures: yes
16:42:31:  * Volume textures: yes
16:42:31:  * Multiple Render Targets: 8
16:42:31:    - With different bit depths: yes
16:42:31:  * Point Sprites: yes
16:42:31:  * Extended point parameters: yes
16:42:31:  * Max Point Size: 2047
16:42:31:  * Vertex texture fetch: yes
16:42:31:  * Number of world matrices: 0
16:42:31:  * Number of texture units: 16
16:42:31:  * Stencil buffer depth: 8
16:42:31:  * Number of vertex blend matrices: 0
16:42:31:    - Max vertex textures: 32
16:42:31:    - Vertex textures shared: yes
16:42:31:  * Render to Vertex Buffer : yes
16:42:31:  * Hardware Atomic Counters: no
16:42:31:  * GL 1.5 without VBO workaround: no
16:42:31:  * Frame Buffer objects: yes
16:42:31:  * Frame Buffer objects (ARB extension): no
16:42:31:  * Frame Buffer objects (ATI extension): no
16:42:31:  * PBuffer support: yes
16:42:31:  * GL 1.5 without HW-occlusion workaround: no
16:42:31:  * Vertex Array Objects: no
16:42:31:  * Separate shader objects: no
16:42:31: DefaultWorkQueue('Root') initialising on thread 7ffff7fbf800.
16:42:31: DefaultWorkQueue('Root')::WorkerFunc - thread 7fffea1b5700 starting.
16:42:31: DefaultWorkQueue('Root')::WorkerFunc - thread 7fffe99b4700 starting.
16:42:31: DefaultWorkQueue('Root')::WorkerFunc - thread 7fffe91b3700 starting.
16:42:31: DefaultWorkQueue('Root')::WorkerFunc - thread 7fffe89b2700 starting.
16:42:31: DefaultWorkQueue('Root')::WorkerFunc - thread 7fffdbfff700 starting.
16:42:31: DefaultWorkQueue('Root')::WorkerFunc - thread 7fffdb7fe700 starting.
16:42:31: DefaultWorkQueue('Root')::WorkerFunc - thread 7fffdaffd700 starting.
16:42:31: DefaultWorkQueue('Root')::WorkerFunc - thread 7fffda7fc700 starting.
16:42:31: DefaultWorkQueue('Root')::WorkerFunc - thread 7fffd9ffb700 starting.
16:42:31: DefaultWorkQueue('Root')::WorkerFunc - thread 7fffd97fa700 starting.
16:42:31: DefaultWorkQueue('Root')::WorkerFunc - thread 7fffd8ff9700 starting.
16:42:31: DefaultWorkQueue('Root')::WorkerFunc - thread 7fffbbfff700 starting.
16:42:31: Particle Renderer Type 'billboard' registered
16:42:31: SceneManagerFactory for type 'BspSceneManager' registered.
16:42:31: Registering ResourceManager for type BspLevel
16:42:31: SceneManagerFactory for type 'PCZSceneManager' registered.
16:42:31: MovableObjectFactory for type 'PCZLight' registered.
16:42:31: MovableObjectFactory for type 'Portal' registered.
16:42:31: MovableObjectFactory for type 'AntiPortal' registered.
16:42:31: PCZone Factory Type 'ZoneType_Octree' registered
16:42:31: SceneManagerFactory for type 'OctreeSceneManager' registered.
16:42:31: Parsing scripts for resource group Autodetect
16:42:31: Finished parsing scripts for resource group Autodetect
16:42:31: Creating resources for group Autodetect
16:42:31: All done
16:42:31: Parsing scripts for resource group General
16:42:31: Parsing script StdQuad_vp.program
16:42:31: Parsing script Examples.program
16:42:31: Parsing script Instancing.program
16:42:31: Parsing script Examples.program
16:42:31: Parsing script DualQuaternion.program
16:42:31: Parsing script StdQuad_vp.program
16:42:31: Parsing script deferred_post.program
16:42:31: Parsing script ShadowCaster.program
16:42:31: Parsing script GBuffer.program
16:42:31: Parsing script triplanarReference.program
16:42:31: Parsing script OldMovie.material
16:42:31: Parsing script cvn68.material
16:42:31: Parsing script NightVision.material
16:42:31: Parsing script cursor.material
16:42:31: Parsing script Posterize.material
16:42:31: Parsing script Example-Water.material
16:42:31: Parsing script DepthShadowmap.material
16:42:31: Parsing script MotionBlur.material
16:42:31: Parsing script Example-DynTex.material
16:42:31: Parsing script smoke.material
16:42:31: Parsing script BlackAndWhite.material
16:42:31: Parsing script Examples-Advanced.material
16:42:31: Compiler error: object unsupported by render system in Examples-Advanced.material(381): , Shader name: Examples/FresnelRefractReflectPS
16:42:32: Parsing script Scene.material
16:42:32: Parsing script button.material
16:42:32: Parsing script Laplace.material
16:42:32: Parsing script ui.material
16:42:32: Parsing script VarianceShadowmap.material
16:42:32: Parsing script alienship.material
16:42:32: Compiler error: unknown error in alienship.material(90): token "1.0," is not recognized
16:42:32: Parsing script f1Overlay.material
16:42:32: Parsing script OldTV.material
16:42:32: Parsing script Tiling.material
16:42:32: OGRE EXCEPTION(2:InvalidParametersException): Parameter called Threshhold does not exist.  in GpuProgramParameters::_findNamedConstantDefinition at /staff/sushil/work/projects/ogre/ogre/OgreMain/src/OgreGpuProgramParams.cpp (line 1727)
16:42:32: Compiler error: invalid parameters in Tiling.material(27): setting of constant failed
16:42:32: Parsing script ASCII.material
16:42:32: Parsing script Embossed.material
16:42:32: Parsing script Example.material
16:42:32: OGRE EXCEPTION(2:InvalidParametersException): Parameter called camObjPos does not exist.  in GpuProgramParameters::_findNamedConstantDefinition at /staff/sushil/work/projects/ogre/ogre/OgreMain/src/OgreGpuProgramParams.cpp (line 1727)
16:42:32: Compiler error: invalid parameters in Example.material(762): setting of constant failed
16:42:32: Parsing script Debug.material
16:42:32: Parsing script Glass.material
16:42:32: Parsing script hdr.material
16:42:32: Parsing script Hurt.material
16:42:32: Parsing script cigarette.material
16:42:32: Parsing script instancing.material
16:42:32: Parsing script pssm.material
16:42:32: Parsing script RadialBlur.material
16:42:32: Parsing script wake.material
16:42:32: Parsing script SharpenEdges.material
16:42:32: Parsing script shipInfo.material
16:42:32: Parsing script Dither.material
16:42:32: Parsing script sailboat.material
16:42:32: Compiler error: unknown error in sailboat.material(87): token "60.0," is not recognized
16:42:32: Parsing script Bloom2.material
16:42:32: Parsing script rmenu.material
16:42:32: Parsing script OffsetMapping.material
16:42:32: Compiler error: object unsupported by render system in OffsetMapping.material(18): , Shader name: Examples/OffsetMappingPS
16:42:32: Parsing script OgreOcean.material
16:42:32: Parsing script GLSLSwizzle.material
16:42:32: Parsing script RZR-002.material
16:42:32: Parsing script missile.material
16:42:32: Compiler error: unknown error in missile.material(7): token "59.4555039496997," is not recognized
16:42:32: Parsing script sleek.material
16:42:32: Parsing script IsoSurf.material
16:42:32: OGRE EXCEPTION(7:InternalErrorException): Unable to compile Cg program Ogre/IsoSurf/TessellateTetrahedraGS: The compile returned an error.
(0) : error C3001: no program defined
 in CgProgram::compileMicrocode at /staff/sushil/work/projects/ogre/ogre/PlugIns/CgProgramManager/src/OgreCgProgramManagerDll.cpp (line 67)
16:42:32: High-level program Ogre/IsoSurf/TessellateTetrahedraGS encountered an error during loading and is thus not supported.
OGRE EXCEPTION(7:InternalErrorException): Unable to compile Cg program Ogre/IsoSurf/TessellateTetrahedraGS: The compile returned an error.
(0) : error C3001: no program defined
 in CgProgram::compileMicrocode at /staff/sushil/work/projects/ogre/ogre/PlugIns/CgProgramManager/src/OgreCgProgramManagerDll.cpp (line 67)
16:42:32: OGRE EXCEPTION(2:InvalidParametersException): Named constants have not been initialised, perhaps a compile error. in GpuProgramParameters::_findNamedConstantDefinition at /staff/sushil/work/projects/ogre/ogre/OgreMain/src/OgreGpuProgramParams.cpp (line 1709)
16:42:32: Compiler error: invalid parameters in IsoSurf.material(10): setting of constant failed
16:42:32: OGRE EXCEPTION(7:InternalErrorException): Unable to compile Cg program Ogre/IsoSurf/SampleFieldVS: The compile returned an error.
(0) : error C3001: no program defined
 in CgProgram::compileMicrocode at /staff/sushil/work/projects/ogre/ogre/PlugIns/CgProgramManager/src/OgreCgProgramManagerDll.cpp (line 67)
16:42:32: High-level program Ogre/IsoSurf/SampleFieldVS encountered an error during loading and is thus not supported.
OGRE EXCEPTION(7:InternalErrorException): Unable to compile Cg program Ogre/IsoSurf/SampleFieldVS: The compile returned an error.
(0) : error C3001: no program defined
 in CgProgram::compileMicrocode at /staff/sushil/work/projects/ogre/ogre/PlugIns/CgProgramManager/src/OgreCgProgramManagerDll.cpp (line 67)
16:42:32: OGRE EXCEPTION(2:InvalidParametersException): Named constants have not been initialised, perhaps a compile error. in GpuProgramParameters::_findNamedConstantDefinition at /staff/sushil/work/projects/ogre/ogre/OgreMain/src/OgreGpuProgramParams.cpp (line 1709)
16:42:32: Compiler error: invalid parameters in IsoSurf.material(22): setting of constant failed
16:42:32: OGRE EXCEPTION(2:InvalidParametersException): Named constants have not been initialised, perhaps a compile error. in GpuProgramParameters::_findNamedConstantDefinition at /staff/sushil/work/projects/ogre/ogre/OgreMain/src/OgreGpuProgramParams.cpp (line 1709)
16:42:32: Compiler error: invalid parameters in IsoSurf.material(23): setting of constant failed
16:42:32: OGRE EXCEPTION(2:InvalidParametersException): Named constants have not been initialised, perhaps a compile error. in GpuProgramParameters::_findNamedConstantDefinition at /staff/sushil/work/projects/ogre/ogre/OgreMain/src/OgreGpuProgramParams.cpp (line 1709)
16:42:32: Compiler error: invalid parameters in IsoSurf.material(24): setting of constant failed
16:42:32: OGRE EXCEPTION(7:InternalErrorException): Unable to compile Cg program Ogre/IsoSurf/MetaballPS: The compile returned an error.
(0) : error C3001: no program defined
 in CgProgram::compileMicrocode at /staff/sushil/work/projects/ogre/ogre/PlugIns/CgProgramManager/src/OgreCgProgramManagerDll.cpp (line 67)
16:42:32: High-level program Ogre/IsoSurf/MetaballPS encountered an error during loading and is thus not supported.
OGRE EXCEPTION(7:InternalErrorException): Unable to compile Cg program Ogre/IsoSurf/MetaballPS: The compile returned an error.
(0) : error C3001: no program defined
 in CgProgram::compileMicrocode at /staff/sushil/work/projects/ogre/ogre/PlugIns/CgProgramManager/src/OgreCgProgramManagerDll.cpp (line 67)
16:42:32: Parsing script CGSwizzle.material
16:42:32: Parsing script Halftone.material
16:42:32: Parsing script DOF.material
16:42:32: Parsing script ddg51.material
16:42:32: Parsing script ASMSwizzle.material
16:42:32: Parsing script facial.material
16:42:32: Parsing script Invert.material
16:42:32: Parsing script Ogre.material
16:42:32: Parsing script boat.material
16:42:32: Parsing script MRTtest.material
16:42:32: Parsing script HeatVision.material
16:42:32: Parsing script Bloom.material
16:42:32: Parsing script ParticleGS.material
16:42:32: Parsing script Colors.material
16:42:32: Parsing script flash.material
16:42:32: Parsing script EngineeringBay.material
16:42:32: Parsing script viperOgre.material
16:42:32: Parsing script Academy.material
16:42:32: Parsing script BuildingConstruction.material
16:42:32: Parsing script ship.material
16:42:32: Compiler error: unknown error in ship.material(147): token "36.0," is not recognized
16:42:32: Compiler error: unknown error in ship.material(162): token "96.0," is not recognized
16:42:32: Parsing script Panels.material
16:42:32: Parsing script SupplyDepot.material
16:42:32: Parsing script Terrain.material
16:42:32: Parsing script sciencevessel.material
16:42:32: Parsing script Factory.material
16:42:32: Parsing script Oil.material
16:42:32: Parsing script wraith.material
16:42:32: Compiler error: unknown error in wraith.material(87): token "202.474690663667," is not recognized
16:42:32: Compiler error: unknown error in wraith.material(102): token "354.330708661417," is not recognized
16:42:32: Compiler error: unknown error in wraith.material(117): token "629.92125984252," is not recognized
16:42:32: Compiler error: unknown error in wraith.material(132): token "4.0," is not recognized
16:42:32: Compiler error: unknown error in wraith.material(147): token "154.321684001534," is not recognized
16:42:32: Compiler error: unknown error in wraith.material(162): token "265.729495677447," is not recognized
16:42:32: Compiler error: unknown error in wraith.material(177): token "236.220472440945," is not recognized
16:42:32: Compiler error: unknown error in wraith.material(192): token "472.44094488189," is not recognized
16:42:32: Compiler error: unknown error in wraith.material(207): token "354.330708661417," is not recognized
16:42:32: Compiler error: unknown error in wraith.material(222): token "669.291338582677," is not recognized
16:42:32: Compiler error: unknown error in wraith.material(237): token "669.291338582677," is not recognized
16:42:32: Compiler error: unknown error in wraith.material(252): token "47.244094488189," is not recognized
16:42:32: Parsing script Crystal.material
16:42:32: Parsing script ViperOgre.material
16:42:32: Parsing script battlecruiser.material
16:42:32: Compiler error: unknown error in battlecruiser.material(110): token "1.0," is not recognized
16:42:32: Compiler error: unknown error in battlecruiser.material(125): token "5.11811023622047," is not recognized
16:42:32: Compiler error: unknown error in battlecruiser.material(206): token "0.25," is not recognized
16:42:32: Compiler error: unknown error in battlecruiser.material(341): token "25.2153191071213," is not recognized
16:42:32: Compiler error: unknown error in battlecruiser.material(356): token "76.111850132326," is not recognized
16:42:32: Compiler error: unknown error in battlecruiser.material(447): token "6.0," is not recognized
16:42:32: Parsing script explosion.material
16:42:32: Parsing script scv.material
16:42:32: Compiler error: unknown error in scv.material(27): token "138.582677165354," is not recognized
16:42:32: Compiler error: unknown error in scv.material(145): token "120.0," is not recognized
16:42:32: Parsing script Turret.material
16:42:32: Parsing script land.material
16:42:32: Parsing script buildingOverlay.material
16:42:32: Parsing script smallCube.material
16:42:32: Parsing script ogreBanshee.material
16:42:32: Parsing script Barracks.material
16:42:32: Parsing script BuildingWidget.material
16:42:32: Parsing script Port.material
16:42:32: Parsing script ResearchFacility.material
16:42:32: Parsing script CommandCenter.material
16:42:32: Parsing script ghost.material
16:42:32: Parsing script medic.material
16:42:32: Compiler error: unknown error in medic.material(73): token "9.84251968503937," is not recognized
16:42:32: Compiler error: unknown error in medic.material(91): token "96.0," is not recognized
16:42:32: Compiler error: unknown error in medic.material(106): token "314.96062992126," is not recognized
16:42:32: Parsing script valkyrie.material
16:42:32: Compiler error: unknown error in valkyrie.material(123): token "12.0," is not recognized
16:42:32: Compiler error: unknown error in valkyrie.material(141): token "12.0," is not recognized
16:42:32: Compiler error: unknown error in valkyrie.material(176): token "644.907541102975," is not recognized
16:42:32: Compiler error: unknown error in valkyrie.material(201): token "4.0," is not recognized
16:42:32: Parsing script dropship.material
16:42:32: Compiler error: unknown error in dropship.material(87): token "1.0," is not recognized
16:42:32: Compiler error: unknown error in dropship.material(112): token "1.0," is not recognized
16:42:32: Compiler error: unknown error in dropship.material(127): token "1.0," is not recognized
16:42:32: Compiler error: unknown error in dropship.material(142): token "1.0," is not recognized
16:42:32: Parsing script Refinery.material
16:42:32: Parsing script Armory.material
16:42:32: Parsing script Bunker.material
16:42:32: Parsing script SdkTrays.material
16:42:32: Parsing script OgreProfiler.material
16:42:32: Parsing script instancing.material
16:42:32: Parsing script Bloom.material
16:42:32: Parsing script Examples-Water.material
16:42:32: Parsing script ParticleGS.material
16:42:32: Parsing script CGSwizzle.material
16:42:32: Parsing script BlackAndWhite.material
16:42:32: Parsing script VarianceShadowmap.material
16:42:32: Parsing script ShaderInstancing.material
16:42:32: Parsing script Embossed.material
16:42:32: Parsing script OldMovie.material
16:42:32: Parsing script smoke.material
16:42:32: Parsing script Dither.material
16:42:32: Parsing script Examples-DynTex.material
16:42:32: Parsing script MotionBlur.material
16:42:32: Parsing script Ocean.material
16:42:32: Parsing script DOF.material
16:42:32: Parsing script HWInstancing.material
16:42:32: Parsing script Tesselation.material
16:42:32: Parsing script HeatVision.material
16:42:32: Parsing script Example-Water.material
16:42:32: Parsing script Hurt.material
16:42:32: Parsing script OldTV.material
16:42:32: Parsing script Laplace.material
16:42:32: Parsing script CompositorDemo.material
16:42:32: Parsing script VTFInstancing.material
16:42:32: Parsing script sibenik.material
16:42:32: Parsing script DualQuaternion.material
16:42:32: Parsing script MRTtest.material
16:42:32: Parsing script facial.material
16:42:32: Parsing script ASCII.material
16:42:32: Parsing script GLSLSwizzle.material
16:42:32: Parsing script SharpenEdges.material
16:42:32: Parsing script ASMSwizzle.material
16:42:32: Parsing script Invert.material
16:42:32: Parsing script shadows.material
16:42:32: Parsing script Examples.material
16:42:32: Parsing script Ogre.material
16:42:32: Parsing script IsoSurf.material
16:42:32: Problem parsing the following Cg Uniform: '@TMP29' in file Ogre/IsoSurf/TessellateTetrahedraGS_CG
16:42:32: Parsing script ShaderSystem.material
16:42:32: Parsing script pssm.material
16:42:32: Parsing script OffsetMapping.material
16:42:32: Compiler error: object unsupported by render system in OffsetMapping.material(35): , Shader name: Examples/OffsetMappingPSAsm
16:42:32: Parsing script Examples-Advanced.material
16:42:32: Compiler error: object unsupported by render system in Examples-Advanced.material(728): , Shader name: Examples/FresnelRefractReflectPS
16:42:32: Parsing script hdr.material
16:42:32: Parsing script Bloom2.material
16:42:32: Parsing script RZR-002.material
16:42:32: Parsing script Posterize.material
16:42:32: Parsing script RadialBlur.material
16:42:32: Parsing script NightVision.material
16:42:32: Parsing script Halftone.material
16:42:32: Parsing script InstancingMisc.material
16:42:32: Parsing script HW_VTF_LUTInstancing.material
16:42:32: Parsing script Tiling.material
16:42:32: Parsing script HW_VTFInstancing.material
16:42:32: Parsing script RasterizationOrder.material
16:42:32: Parsing script Glass.material
16:42:32: Parsing script AdaptivePNTrianglesTessellation.material
16:42:32: Parsing script DepthShadowmap.material
16:42:32: Parsing script Penguin.material
16:42:32: Parsing script deferred_post.material
16:42:32: Parsing script deferred_post_minilight.material
16:42:32: Parsing script ssao.material
16:42:32: Parsing script ShadowCaster.material
16:42:32: Parsing script deferreddemo.material
16:42:32: Parsing script ROOM.material
16:42:32: Parsing script TriplanarTexturing.material
16:42:32: Compiler error: unknown error in TriplanarTexturing.material(9): token "rtshader_system" is not recognized
16:42:32: Parsing script RTShaderSystem.material
16:42:32: Compiler error: unknown error in RTShaderSystem.material(23): token "rtshader_system" is not recognized
16:42:32: Compiler error: unknown error in RTShaderSystem.material(52): token "rtshader_system" is not recognized
16:42:32: Compiler error: unknown error in RTShaderSystem.material(81): token "rtshader_system" is not recognized
16:42:32: Compiler error: unknown error in RTShaderSystem.material(110): token "rtshader_system" is not recognized
16:42:32: Compiler error: unknown error in RTShaderSystem.material(146): token "rtshader_system" is not recognized
16:42:32: Compiler error: unknown error in RTShaderSystem.material(81): token "rtshader_system" is not recognized
16:42:32: Compiler error: unknown error in RTShaderSystem.material(162): token "rtshader_system" is not recognized
16:42:32: Compiler error: unknown error in RTShaderSystem.material(81): token "rtshader_system" is not recognized
16:42:32: Compiler error: unknown error in RTShaderSystem.material(110): token "rtshader_system" is not recognized
16:42:32: Compiler error: unknown error in RTShaderSystem.material(211): token "rtshader_system" is not recognized
16:42:32: Parsing script HardwareSkinningShadow.material
16:42:32: Parsing script DualQuaternionSkinning_Shadow.material
16:42:32: Parsing script ShowNormals.material
16:42:32: Parsing script SSAOPost.material
16:42:32: Parsing script CreaseShading.material
16:42:32: Parsing script Modulate.material
16:42:32: Parsing script GBuffer.material
16:42:32: Parsing script UnsharpMask.material
16:42:32: Parsing script HemisphereMC.material
16:42:32: Parsing script HorizonBased.material
16:42:32: Parsing script Volumetric.material
16:42:32: Parsing script Crytek.material
16:42:32: Parsing script ShowViewPos.material
16:42:32: Parsing script ShowDepth.material
16:42:32: Parsing script triplanarReference.material
16:42:32: Parsing script RomanBath.material
16:42:32: Parsing script Sinbad.material
16:42:32: Parsing script Examples.particle
16:42:32: Parsing script Examples-Water.particle
16:42:32: Parsing script smoke.particle
16:42:32: Parsing script emitted_emitter.particle
16:42:32: Parsing script Examples.compositor
16:42:32: Parsing script Examples.compositor
16:42:32: Parsing script ssao.compositor
16:42:32: Parsing script deferred.compositor
16:42:32: Parsing script SSAOPost.compositor
16:42:32: Parsing script SSAO.compositor
16:42:32: Finished parsing scripts for resource group General
16:42:32: Creating resources for group General
16:42:32: All done
16:42:32: Parsing scripts for resource group Internal
16:42:32: Finished parsing scripts for resource group Internal
16:42:32: Creating resources for group Internal
16:42:32: All done
16:42:32: Mesh: Loading ddg51.mesh.
16:42:32: WARNING: ddg51.mesh is an older format ([MeshSerializer_v1.40]); you should upgrade it as soon as possible using the OgreMeshUpgrade tool.
16:42:32: Texture: ecslHorizontal.bmp: Loading 1 faces(PF_R8G8B8,128x128x1) with 5 hardware generated mipmaps from Image. Internal format is PF_X8R8G8B8,128x128x1.
16:42:32: Mesh: Loading cigarette.mesh.
16:42:32: WARNING: cigarette.mesh is an older format ([MeshSerializer_v1.40]); you should upgrade it as soon as possible using the OgreMeshUpgrade tool.
16:42:32: Mesh: Loading alienship.mesh.
16:42:32: WARNING: alienship.mesh is an older format ([MeshSerializer_v1.40]); you should upgrade it as soon as possible using the OgreMeshUpgrade tool.
16:42:32: Texture: ALM07.JPG: Loading 1 faces(PF_R8G8B8,512x512x1) with 5 hardware generated mipmaps from Image. Internal format is PF_X8R8G8B8,512x512x1.
16:42:32: Mesh: Loading cvn68.mesh.
16:42:32: WARNING: cvn68.mesh is an older format ([MeshSerializer_v1.40]); you should upgrade it as soon as possible using the OgreMeshUpgrade tool.
16:42:32: Texture: ecslDark.bmp: Loading 1 faces(PF_R8G8B8,128x128x1) with 5 hardware generated mipmaps from Image. Internal format is PF_X8R8G8B8,128x128x1.
16:42:32: Mesh: Loading sleek.mesh.
16:42:32: WARNING: sleek.mesh is an older format ([MeshSerializer_v1.40]); you should upgrade it as soon as possible using the OgreMeshUpgrade tool.
16:42:32: Texture: ecsl.bmp: Loading 1 faces(PF_R8G8B8,128x128x1) with 5 hardware generated mipmaps from Image. Internal format is PF_X8R8G8B8,128x128x1.
16:42:32: Texture: morning_fr.jpg: Loading 1 faces(PF_R8G8B8,512x512x1) with 5 hardware generated mipmaps from Image. Internal format is PF_X8R8G8B8,512x512x1.
16:42:32: Texture: morning_bk.jpg: Loading 1 faces(PF_R8G8B8,512x512x1) with 5 hardware generated mipmaps from Image. Internal format is PF_X8R8G8B8,512x512x1.
16:42:32: Texture: morning_lf.jpg: Loading 1 faces(PF_R8G8B8,512x512x1) with 5 hardware generated mipmaps from Image. Internal format is PF_X8R8G8B8,512x512x1.
16:42:32: Texture: morning_rt.jpg: Loading 1 faces(PF_R8G8B8,512x512x1) with 5 hardware generated mipmaps from Image. Internal format is PF_X8R8G8B8,512x512x1.
16:42:32: Texture: morning_up.jpg: Loading 1 faces(PF_R8G8B8,512x512x1) with 5 hardware generated mipmaps from Image. Internal format is PF_X8R8G8B8,512x512x1.
16:42:32: Texture: morning_dn.jpg: Loading 1 faces(PF_R8G8B8,512x512x1) with 5 hardware generated mipmaps from Image. Internal format is PF_X8R8G8B8,512x512x1.
16:42:32: Texture: waves2.dds: Loading 1 faces(PF_A8R8G8B8,256x256x1) with 5 hardware generated mipmaps from Image. Internal format is PF_A8R8G8B8,256x256x1.
16:42:32: Texture: morning.jpg: Loading 6 faces(PF_R8G8B8,512x512x1) with 5 hardware generated mipmaps from multiple Images. Internal format is PF_X8R8G8B8,512x512x1.
16:44:13: DefaultWorkQueue('Root') shutting down on thread 7ffff7fbf800.
16:44:13: DefaultWorkQueue('Root')::WorkerFunc - thread 7fffea1b5700 stopped.
16:44:13: DefaultWorkQueue('Root')::WorkerFunc - thread 7fffe99b4700 stopped.
16:44:13: DefaultWorkQueue('Root')::WorkerFunc - thread 7fffe91b3700 stopped.
16:44:13: DefaultWorkQueue('Root')::WorkerFunc - thread 7fffe89b2700 stopped.
16:44:13: DefaultWorkQueue('Root')::WorkerFunc - thread 7fffdbfff700 stopped.
16:44:13: DefaultWorkQueue('Root')::WorkerFunc - thread 7fffdb7fe700 stopped.
16:44:13: DefaultWorkQueue('Root')::WorkerFunc - thread 7fffdaffd700 stopped.
16:44:13: DefaultWorkQueue('Root')::WorkerFunc - thread 7fffd9ffb700 stopped.
16:44:13: DefaultWorkQueue('Root')::WorkerFunc - thread 7fffd97fa700 stopped.
16:44:13: DefaultWorkQueue('Root')::WorkerFunc - thread 7fffda7fc700 stopped.
16:44:13: DefaultWorkQueue('Root')::WorkerFunc - thread 7fffd8ff9700 stopped.
16:44:13: DefaultWorkQueue('Root')::WorkerFunc - thread 7fffbbfff700 stopped.
16:44:13: PCZone Factory Type 'ZoneType_Octree' unregistered
16:44:13: Unregistering ResourceManager for type BspLevel
16:44:13: *-*-* OGRE Shutdown
